  AComponent.cpp
C:\Users\11929057\Desktop\GD_ADPRG_RoadFighter\GDPROG3_MP_CREENCIA_CELESTIAL\AComponent.h(3,10): fatal error C1083: Cannot open include file: 'SFML/Graphics.hpp': No such file or directory
  AGameObject.cpp
C:\Users\11929057\Desktop\GD_ADPRG_RoadFighter\GDPROG3_MP_CREENCIA_CELESTIAL\AGameObject.h(3,10): fatal error C1083: Cannot open include file: 'SFML/Graphics.hpp': No such file or directory
  AirplanePlayer.cpp
C:\Users\11929057\Desktop\GD_ADPRG_RoadFighter\GDPROG3_MP_CREENCIA_CELESTIAL\AGameObject.h(3,10): fatal error C1083: Cannot open include file: 'SFML/Graphics.hpp': No such file or directory
  AirplaneSupport.cpp
C:\Users\11929057\Desktop\GD_ADPRG_RoadFighter\GDPROG3_MP_CREENCIA_CELESTIAL\AGameObject.h(3,10): fatal error C1083: Cannot open include file: 'SFML/Graphics.hpp': No such file or directory
  AirplaneSupportMovement.cpp
C:\Users\11929057\Desktop\GD_ADPRG_RoadFighter\GDPROG3_MP_CREENCIA_CELESTIAL\AComponent.h(3,10): fatal error C1083: Cannot open include file: 'SFML/Graphics.hpp': No such file or directory
  APoolable.cpp
C:\Users\11929057\Desktop\GD_ADPRG_RoadFighter\GDPROG3_MP_CREENCIA_CELESTIAL\AGameObject.h(3,10): fatal error C1083: Cannot open include file: 'SFML/Graphics.hpp': No such file or directory
  ApplicationManager.cpp
C:\Users\11929057\Desktop\GD_ADPRG_RoadFighter\GDPROG3_MP_CREENCIA_CELESTIAL\ApplicationManager.h(2,10): fatal error C1083: Cannot open include file: 'SFML/Graphics.hpp': No such file or directory
  AScene.cpp
C:\Users\11929057\Desktop\GD_ADPRG_RoadFighter\GDPROG3_MP_CREENCIA_CELESTIAL\AGameObject.h(3,10): fatal error C1083: Cannot open include file: 'SFML/Graphics.hpp': No such file or directory
  BGMovement.cpp
C:\Users\11929057\Desktop\GD_ADPRG_RoadFighter\GDPROG3_MP_CREENCIA_CELESTIAL\AComponent.h(3,10): fatal error C1083: Cannot open include file: 'SFML/Graphics.hpp': No such file or directory
  BGObject.cpp
C:\Users\11929057\Desktop\GD_ADPRG_RoadFighter\GDPROG3_MP_CREENCIA_CELESTIAL\AGameObject.h(3,10): fatal error C1083: Cannot open include file: 'SFML/Graphics.hpp': No such file or directory
  BGObject2.cpp
C:\Users\11929057\Desktop\GD_ADPRG_RoadFighter\GDPROG3_MP_CREENCIA_CELESTIAL\AGameObject.h(3,10): fatal error C1083: Cannot open include file: 'SFML/Graphics.hpp': No such file or directory
  BGObject3.cpp
C:\Users\11929057\Desktop\GD_ADPRG_RoadFighter\GDPROG3_MP_CREENCIA_CELESTIAL\AGameObject.h(3,10): fatal error C1083: Cannot open include file: 'SFML/Graphics.hpp': No such file or directory
  BonusCarBehavior.cpp
C:\Users\11929057\Desktop\GD_ADPRG_RoadFighter\GDPROG3_MP_CREENCIA_CELESTIAL\AComponent.h(3,10): fatal error C1083: Cannot open include file: 'SFML/Graphics.hpp': No such file or directory
  BonusCarObject.cpp
C:\Users\11929057\Desktop\GD_ADPRG_RoadFighter\GDPROG3_MP_CREENCIA_CELESTIAL\AGameObject.h(3,10): fatal error C1083: Cannot open include file: 'SFML/Graphics.hpp': No such file or directory
  BulletBehavior.cpp
C:\Users\11929057\Desktop\GD_ADPRG_RoadFighter\GDPROG3_MP_CREENCIA_CELESTIAL\AComponent.h(3,10): fatal error C1083: Cannot open include file: 'SFML/Graphics.hpp': No such file or directory
  BulletHandler.cpp
C:\Users\11929057\Desktop\GD_ADPRG_RoadFighter\GDPROG3_MP_CREENCIA_CELESTIAL\AComponent.h(3,10): fatal error C1083: Cannot open include file: 'SFML/Graphics.hpp': No such file or directory
  Collider.cpp
C:\Users\11929057\Desktop\GD_ADPRG_RoadFighter\GDPROG3_MP_CREENCIA_CELESTIAL\AComponent.h(3,10): fatal error C1083: Cannot open include file: 'SFML/Graphics.hpp': No such file or directory
  DebugRendererFactory.cpp
C:\Users\11929057\Desktop\GD_ADPRG_RoadFighter\GDPROG3_MP_CREENCIA_CELESTIAL\AComponent.h(3,10): fatal error C1083: Cannot open include file: 'SFML/Graphics.hpp': No such file or directory
  EmptyGameObject.cpp
C:\Users\11929057\Desktop\GD_ADPRG_RoadFighter\GDPROG3_MP_CREENCIA_CELESTIAL\AGameObject.h(3,10): fatal error C1083: Cannot open include file: 'SFML/Graphics.hpp': No such file or directory
  EnemyAirplane.cpp
C:\Users\11929057\Desktop\GD_ADPRG_RoadFighter\GDPROG3_MP_CREENCIA_CELESTIAL\AGameObject.h(3,10): fatal error C1083: Cannot open include file: 'SFML/Graphics.hpp': No such file or directory
  Generating Code...
  Compiling...
  EnemyBehavior.cpp
C:\Users\11929057\Desktop\GD_ADPRG_RoadFighter\GDPROG3_MP_CREENCIA_CELESTIAL\AComponent.h(3,10): fatal error C1083: Cannot open include file: 'SFML/Graphics.hpp': No such file or directory
  EnemySwarmHandler.cpp
C:\Users\11929057\Desktop\GD_ADPRG_RoadFighter\GDPROG3_MP_CREENCIA_CELESTIAL\AComponent.h(3,10): fatal error C1083: Cannot open include file: 'SFML/Graphics.hpp': No such file or directory
  Entity.cpp
C:\Users\11929057\Desktop\GD_ADPRG_RoadFighter\GDPROG3_MP_CREENCIA_CELESTIAL\Entity.h(1,10): fatal error C1083: Cannot open include file: 'SFML/Graphics.hpp': No such file or directory
  finishBehavior.cpp
C:\Users\11929057\Desktop\GD_ADPRG_RoadFighter\GDPROG3_MP_CREENCIA_CELESTIAL\AComponent.h(3,10): fatal error C1083: Cannot open include file: 'SFML/Graphics.hpp': No such file or directory
  finishObject.cpp
C:\Users\11929057\Desktop\GD_ADPRG_RoadFighter\GDPROG3_MP_CREENCIA_CELESTIAL\AGameObject.h(3,10): fatal error C1083: Cannot open include file: 'SFML/Graphics.hpp': No such file or directory
  FontManager.cpp
C:\Users\11929057\Desktop\GD_ADPRG_RoadFighter\GDPROG3_MP_CREENCIA_CELESTIAL\FontManager.h(2,10): warning C4067: unexpected tokens following preprocessor directive - expected a newline
C:\Users\11929057\Desktop\GD_ADPRG_RoadFighter\GDPROG3_MP_CREENCIA_CELESTIAL\FontManager.h(2,10): fatal error C1083: Cannot open include file: 'SFML/Graphics.hpp': No such file or directory
  Game.cpp
C:\Users\11929057\Desktop\GD_ADPRG_RoadFighter\GDPROG3_MP_CREENCIA_CELESTIAL\Entity.h(1,10): fatal error C1083: Cannot open include file: 'SFML/Graphics.hpp': No such file or directory
  GameObjectManager.cpp
C:\Users\11929057\Desktop\GD_ADPRG_RoadFighter\GDPROG3_MP_CREENCIA_CELESTIAL\GameObjectManager.h(3,10): fatal error C1083: Cannot open include file: 'SFML/System.hpp': No such file or directory
  GameObjectPool.cpp
C:\Users\11929057\Desktop\GD_ADPRG_RoadFighter\GDPROG3_MP_CREENCIA_CELESTIAL\AGameObject.h(3,10): fatal error C1083: Cannot open include file: 'SFML/Graphics.hpp': No such file or directory
  GameScene.cpp
C:\Users\11929057\Desktop\GD_ADPRG_RoadFighter\GDPROG3_MP_CREENCIA_CELESTIAL\AGameObject.h(3,10): fatal error C1083: Cannot open include file: 'SFML/Graphics.hpp': No such file or directory
  GameScene2.cpp
C:\Users\11929057\Desktop\GD_ADPRG_RoadFighter\GDPROG3_MP_CREENCIA_CELESTIAL\AGameObject.h(3,10): fatal error C1083: Cannot open include file: 'SFML/Graphics.hpp': No such file or directory
  GameScene3.cpp
C:\Users\11929057\Desktop\GD_ADPRG_RoadFighter\GDPROG3_MP_CREENCIA_CELESTIAL\AGameObject.h(3,10): fatal error C1083: Cannot open include file: 'SFML/Graphics.hpp': No such file or directory
  GameSystem.cpp
C:\Users\11929057\Desktop\GD_ADPRG_RoadFighter\GDPROG3_MP_CREENCIA_CELESTIAL\AComponent.h(3,10): fatal error C1083: Cannot open include file: 'SFML/Graphics.hpp': No such file or directory
  GenericInputController.cpp
C:\Users\11929057\Desktop\GD_ADPRG_RoadFighter\GDPROG3_MP_CREENCIA_CELESTIAL\AComponent.h(3,10): fatal error C1083: Cannot open include file: 'SFML/Graphics.hpp': No such file or directory
  HUDScreen.cpp
C:\Users\11929057\Desktop\GD_ADPRG_RoadFighter\GDPROG3_MP_CREENCIA_CELESTIAL\AGameObject.h(3,10): fatal error C1083: Cannot open include file: 'SFML/Graphics.hpp': No such file or directory
  InstructionsMenu.cpp
C:\Users\11929057\Desktop\GD_ADPRG_RoadFighter\GDPROG3_MP_CREENCIA_CELESTIAL\AComponent.h(3,10): fatal error C1083: Cannot open include file: 'SFML/Graphics.hpp': No such file or directory
  JSONParser.cpp
C:\Users\11929057\Desktop\GD_ADPRG_RoadFighter\GDPROG3_MP_CREENCIA_CELESTIAL\JSONParser.h(8,10): fatal error C1083: Cannot open include file: 'rapidjson/document.h': No such file or directory
  Main.cpp
C:\Users\11929057\Desktop\GD_ADPRG_RoadFighter\GDPROG3_MP_CREENCIA_CELESTIAL\Entity.h(1,10): fatal error C1083: Cannot open include file: 'SFML/Graphics.hpp': No such file or directory
  MainMenuScene.cpp
C:\Users\11929057\Desktop\GD_ADPRG_RoadFighter\GDPROG3_MP_CREENCIA_CELESTIAL\AGameObject.h(3,10): fatal error C1083: Cannot open include file: 'SFML/Graphics.hpp': No such file or directory
  MainMenuScreen.cpp
C:\Users\11929057\Desktop\GD_ADPRG_RoadFighter\GDPROG3_MP_CREENCIA_CELESTIAL\AGameObject.h(3,10): fatal error C1083: Cannot open include file: 'SFML/Graphics.hpp': No such file or directory
  Generating Code...
  Compiling...
  ObjectPoolHolder.cpp
C:\Users\11929057\Desktop\GD_ADPRG_RoadFighter\GDPROG3_MP_CREENCIA_CELESTIAL\AGameObject.h(3,10): fatal error C1083: Cannot open include file: 'SFML/Graphics.hpp': No such file or directory
  OilBehavior.cpp
C:\Users\11929057\Desktop\GD_ADPRG_RoadFighter\GDPROG3_MP_CREENCIA_CELESTIAL\AComponent.h(3,10): fatal error C1083: Cannot open include file: 'SFML/Graphics.hpp': No such file or directory
  OilObject.cpp
C:\Users\11929057\Desktop\GD_ADPRG_RoadFighter\GDPROG3_MP_CREENCIA_CELESTIAL\AGameObject.h(3,10): fatal error C1083: Cannot open include file: 'SFML/Graphics.hpp': No such file or directory
  PhysicsManager.cpp
C:\Users\11929057\Desktop\GD_ADPRG_RoadFighter\GDPROG3_MP_CREENCIA_CELESTIAL\AComponent.h(3,10): fatal error C1083: Cannot open include file: 'SFML/Graphics.hpp': No such file or directory
  PlayerInputController.cpp
C:\Users\11929057\Desktop\GD_ADPRG_RoadFighter\GDPROG3_MP_CREENCIA_CELESTIAL\AComponent.h(3,10): fatal error C1083: Cannot open include file: 'SFML/Graphics.hpp': No such file or directory
  PlayerMovement.cpp
C:\Users\11929057\Desktop\GD_ADPRG_RoadFighter\GDPROG3_MP_CREENCIA_CELESTIAL\AComponent.h(3,10): fatal error C1083: Cannot open include file: 'SFML/Graphics.hpp': No such file or directory
  ProgressBar.cpp
C:\Users\11929057\Desktop\GD_ADPRG_RoadFighter\GDPROG3_MP_CREENCIA_CELESTIAL\AGameObject.h(3,10): fatal error C1083: Cannot open include file: 'SFML/Graphics.hpp': No such file or directory
  ProgressCarBehavior.cpp
C:\Users\11929057\Desktop\GD_ADPRG_RoadFighter\GDPROG3_MP_CREENCIA_CELESTIAL\AComponent.h(3,10): fatal error C1083: Cannot open include file: 'SFML/Graphics.hpp': No such file or directory
  ProgressCarObject.cpp
C:\Users\11929057\Desktop\GD_ADPRG_RoadFighter\GDPROG3_MP_CREENCIA_CELESTIAL\TextureManager.h(2,10): warning C4067: unexpected tokens following preprocessor directive - expected a newline
C:\Users\11929057\Desktop\GD_ADPRG_RoadFighter\GDPROG3_MP_CREENCIA_CELESTIAL\TextureManager.h(2,10): fatal error C1083: Cannot open include file: 'SFML/Graphics.hpp': No such file or directory
  QuitScreen.cpp
C:\Users\11929057\Desktop\GD_ADPRG_RoadFighter\GDPROG3_MP_CREENCIA_CELESTIAL\AComponent.h(3,10): fatal error C1083: Cannot open include file: 'SFML/Graphics.hpp': No such file or directory
  Renderer.cpp
C:\Users\11929057\Desktop\GD_ADPRG_RoadFighter\GDPROG3_MP_CREENCIA_CELESTIAL\AComponent.h(3,10): fatal error C1083: Cannot open include file: 'SFML/Graphics.hpp': No such file or directory
  RendererFactory.cpp
C:\Users\11929057\Desktop\GD_ADPRG_RoadFighter\GDPROG3_MP_CREENCIA_CELESTIAL\AComponent.h(3,10): fatal error C1083: Cannot open include file: 'SFML/Graphics.hpp': No such file or directory
  SamplePopupScreen.cpp
C:\Users\11929057\Desktop\GD_ADPRG_RoadFighter\GDPROG3_MP_CREENCIA_CELESTIAL\AGameObject.h(3,10): fatal error C1083: Cannot open include file: 'SFML/Graphics.hpp': No such file or directory
  SceneManager.cpp
C:\Users\11929057\Desktop\GD_ADPRG_RoadFighter\GDPROG3_MP_CREENCIA_CELESTIAL\AGameObject.h(3,10): fatal error C1083: Cannot open include file: 'SFML/Graphics.hpp': No such file or directory
  SFXManager.cpp
C:\Users\11929057\Desktop\GD_ADPRG_RoadFighter\GDPROG3_MP_CREENCIA_CELESTIAL\SFXManager.h(2,10): fatal error C1083: Cannot open include file: 'SFML/Graphics.hpp': No such file or directory
  SpriteRenderer.cpp
C:\Users\11929057\Desktop\GD_ADPRG_RoadFighter\GDPROG3_MP_CREENCIA_CELESTIAL\AComponent.h(3,10): fatal error C1083: Cannot open include file: 'SFML/Graphics.hpp': No such file or directory
  StartMovement.cpp
C:\Users\11929057\Desktop\GD_ADPRG_RoadFighter\GDPROG3_MP_CREENCIA_CELESTIAL\AComponent.h(3,10): fatal error C1083: Cannot open include file: 'SFML/Graphics.hpp': No such file or directory
  startObject.cpp
C:\Users\11929057\Desktop\GD_ADPRG_RoadFighter\GDPROG3_MP_CREENCIA_CELESTIAL\AGameObject.h(3,10): fatal error C1083: Cannot open include file: 'SFML/Graphics.hpp': No such file or directory
  TextRenderer.cpp
C:\Users\11929057\Desktop\GD_ADPRG_RoadFighter\GDPROG3_MP_CREENCIA_CELESTIAL\AComponent.h(3,10): fatal error C1083: Cannot open include file: 'SFML/Graphics.hpp': No such file or directory
  TextureManager.cpp
C:\Users\11929057\Desktop\GD_ADPRG_RoadFighter\GDPROG3_MP_CREENCIA_CELESTIAL\TextureManager.h(2,10): warning C4067: unexpected tokens following preprocessor directive - expected a newline
C:\Users\11929057\Desktop\GD_ADPRG_RoadFighter\GDPROG3_MP_CREENCIA_CELESTIAL\TextureManager.h(2,10): fatal error C1083: Cannot open include file: 'SFML/Graphics.hpp': No such file or directory
  Generating Code...
  Compiling...
  TruckObject.cpp
C:\Users\11929057\Desktop\GD_ADPRG_RoadFighter\GDPROG3_MP_CREENCIA_CELESTIAL\AGameObject.h(3,10): fatal error C1083: Cannot open include file: 'SFML/Graphics.hpp': No such file or directory
  TruckObjectBehavior.cpp
C:\Users\11929057\Desktop\GD_ADPRG_RoadFighter\GDPROG3_MP_CREENCIA_CELESTIAL\AComponent.h(3,10): fatal error C1083: Cannot open include file: 'SFML/Graphics.hpp': No such file or directory
  UIButton.cpp
C:\Users\11929057\Desktop\GD_ADPRG_RoadFighter\GDPROG3_MP_CREENCIA_CELESTIAL\AGameObject.h(3,10): fatal error C1083: Cannot open include file: 'SFML/Graphics.hpp': No such file or directory
  UIButtonInputController.cpp
C:\Users\11929057\Desktop\GD_ADPRG_RoadFighter\GDPROG3_MP_CREENCIA_CELESTIAL\AComponent.h(3,10): fatal error C1083: Cannot open include file: 'SFML/Graphics.hpp': No such file or directory
  UIText.cpp
C:\Users\11929057\Desktop\GD_ADPRG_RoadFighter\GDPROG3_MP_CREENCIA_CELESTIAL\AGameObject.h(3,10): fatal error C1083: Cannot open include file: 'SFML/Graphics.hpp': No such file or directory
  UtilityBullet.cpp
C:\Users\11929057\Desktop\GD_ADPRG_RoadFighter\GDPROG3_MP_CREENCIA_CELESTIAL\AGameObject.h(3,10): fatal error C1083: Cannot open include file: 'SFML/Graphics.hpp': No such file or directory
  Generating Code...
